<?xml version="1.0" encoding="UTF-8"?>
<!-- Generated by org.testng.reporters.JUnitReportReporter -->
<testsuite hostname="aitslpt-Kumud" failures="0" tests="1" name="runner.RunTest" time="2.344" errors="0" timestamp="2020-06-18T13:02:10 NPT" skipped="0">
  <testcase classname="runner.RunTest" name="runScenario" time="2.344"/>
  <system-out/>
</testsuite> <!-- runner.RunTest -->
