<?xml version="1.0" encoding="UTF-8"?>
<!-- Generated by org.testng.reporters.JUnitReportReporter -->
<testsuite hostname="aitslpt-Kumud" failures="0" tests="1" name="services.ListUsers" time="2.932" errors="0" timestamp="2020-06-17T21:41:30 NPT" skipped="0">
  <testcase classname="services.ListUsers" name="testListUserWithValidPageNumber" time="2.932"/>
  <system-out/>
</testsuite> <!-- services.ListUsers -->
