<?xml version="1.0" encoding="UTF-8"?>
<!-- Generated by org.testng.reporters.JUnitReportReporter -->
<testsuite hostname="aitslpt-Kumud" failures="0" tests="1" name="runner.RunTest" time="5.561" errors="0" timestamp="2020-06-17T23:09:06 NPT" skipped="0">
  <testcase classname="runner.RunTest" name="runScenario" time="5.561"/>
  <system-out/>
</testsuite> <!-- runner.RunTest -->
